d:\users\josh kaufman\documents\josh k\lcube\lcube\x64\debug\lcube.pch
d:\users\josh kaufman\documents\josh k\lcube\lcube\x64\debug\vc141.pdb
d:\users\josh kaufman\documents\josh k\lcube\lcube\x64\debug\vc141.idb
d:\users\josh kaufman\documents\josh k\lcube\lcube\x64\debug\pch.obj
d:\users\josh kaufman\documents\josh k\lcube\lcube\x64\debug\ui.obj
d:\users\josh kaufman\documents\josh k\lcube\lcube\x64\debug\title.obj
d:\users\josh kaufman\documents\josh k\lcube\lcube\x64\debug\tile.obj
d:\users\josh kaufman\documents\josh k\lcube\lcube\x64\debug\player.obj
d:\users\josh kaufman\documents\josh k\lcube\lcube\x64\debug\lcube.obj
d:\users\josh kaufman\documents\josh k\lcube\lcube\x64\debug\enemy.obj
d:\users\josh kaufman\documents\josh k\lcube\lcube\x64\debug\bullet.obj
d:\users\josh kaufman\documents\josh k\lcube\x64\debug\lcube.exe
d:\users\josh kaufman\documents\josh k\lcube\x64\debug\lcube.ilk
d:\users\josh kaufman\documents\josh k\lcube\x64\debug\lcube.pdb
d:\users\josh kaufman\documents\josh k\lcube\lcube\x64\debug\lcube.tlog\cl.command.1.tlog
d:\users\josh kaufman\documents\josh k\lcube\lcube\x64\debug\lcube.tlog\cl.read.1.tlog
d:\users\josh kaufman\documents\josh k\lcube\lcube\x64\debug\lcube.tlog\cl.write.1.tlog
d:\users\josh kaufman\documents\josh k\lcube\lcube\x64\debug\lcube.tlog\link.command.1.tlog
d:\users\josh kaufman\documents\josh k\lcube\lcube\x64\debug\lcube.tlog\link.read.1.tlog
d:\users\josh kaufman\documents\josh k\lcube\lcube\x64\debug\lcube.tlog\link.write.1.tlog
