d:\users\josh kaufman\documents\josh k\lcube\lcube\x64\release\lcube.pch
d:\users\josh kaufman\documents\josh k\lcube\lcube\x64\release\vc141.pdb
d:\users\josh kaufman\documents\josh k\lcube\lcube\x64\release\pch.obj
d:\users\josh kaufman\documents\josh k\lcube\lcube\x64\release\ui.obj
d:\users\josh kaufman\documents\josh k\lcube\lcube\x64\release\title.obj
d:\users\josh kaufman\documents\josh k\lcube\lcube\x64\release\tile.obj
d:\users\josh kaufman\documents\josh k\lcube\lcube\x64\release\player.obj
d:\users\josh kaufman\documents\josh k\lcube\lcube\x64\release\lcube.obj
d:\users\josh kaufman\documents\josh k\lcube\lcube\x64\release\enemy.obj
d:\users\josh kaufman\documents\josh k\lcube\lcube\x64\release\bullet.obj
d:\users\josh kaufman\documents\josh k\lcube\x64\release\lcube.ipdb
d:\users\josh kaufman\documents\josh k\lcube\x64\release\lcube.iobj
d:\users\josh kaufman\documents\josh k\lcube\x64\release\lcube.exe
d:\users\josh kaufman\documents\josh k\lcube\x64\release\lcube.pdb
d:\users\josh kaufman\documents\josh k\lcube\lcube\x64\release\lcube.tlog\cl.command.1.tlog
d:\users\josh kaufman\documents\josh k\lcube\lcube\x64\release\lcube.tlog\cl.read.1.tlog
d:\users\josh kaufman\documents\josh k\lcube\lcube\x64\release\lcube.tlog\cl.write.1.tlog
d:\users\josh kaufman\documents\josh k\lcube\lcube\x64\release\lcube.tlog\lcube.write.1u.tlog
d:\users\josh kaufman\documents\josh k\lcube\lcube\x64\release\lcube.tlog\link.command.1.tlog
d:\users\josh kaufman\documents\josh k\lcube\lcube\x64\release\lcube.tlog\link.read.1.tlog
d:\users\josh kaufman\documents\josh k\lcube\lcube\x64\release\lcube.tlog\link.write.1.tlog
